
An unexpected exception has been detected in native code outside the VM.
Unexpected Signal : 11 occurred at PC=0x403bd9d4
Function name=malloc
Library=/lib/libc.so.6

Current Java thread:
	at utuJava.utuC(Native Method)
	at sketcher.SKUTUFile.writeUTUFile(SKUTUFile.java:1032)
	at sketcher.SKMainFrame.mniTest(SKMainFrame.java:2678)
	at sketcher.SKMainFrame.mniTest_actionPerformed(SKMainFrame.java:2660)
	at sketcher.SKMainFrame$76.actionPerformed(SKMainFrame.java:1373)
	at javax.swing.AbstractButton.fireActionPerformed(AbstractButton.java:1450)
	at javax.swing.AbstractButton$ForwardActionEvents.actionPerformed(AbstractButton.java:1504)
	at javax.swing.DefaultButtonModel.fireActionPerformed(DefaultButtonModel.java:378)
	at javax.swing.DefaultButtonModel.setPressed(DefaultButtonModel.java:250)
	at javax.swing.AbstractButton.doClick(AbstractButton.java:279)
	at javax.swing.plaf.basic.BasicMenuItemUI$MouseInputHandler.mouseReleased(BasicMenuItemUI.java:886)
	at java.awt.Component.processMouseEvent(Component.java:3715)
	at java.awt.Component.processEvent(Component.java:3544)
	at java.awt.Container.processEvent(Container.java:1164)
	at java.awt.Component.dispatchEventImpl(Component.java:2593)
	at java.awt.Container.dispatchEventImpl(Container.java:1213)
	at java.awt.Component.dispatchEvent(Component.java:2497)
	at java.awt.LightweightDispatcher.retargetMouseEvent(Container.java:2451)
	at java.awt.LightweightDispatcher.processMouseEvent(Container.java:2216)
	at java.awt.LightweightDispatcher.dispatchEvent(Container.java:2125)
	at java.awt.Container.dispatchEventImpl(Container.java:1200)
	at java.awt.Component.dispatchEvent(Component.java:2497)
	at java.awt.EventQueue.dispatchEvent(EventQueue.java:339)
	at java.awt.EventDispatchThread.pumpOneEventForHierarchy(EventDispatchThread.java:131)
	at java.awt.EventDispatchThread.pumpEventsForHierarchy(EventDispatchThread.java:98)
	at java.awt.EventDispatchThread.pumpEvents(EventDispatchThread.java:93)
	at java.awt.EventDispatchThread.run(EventDispatchThread.java:85)

Dynamic libraries:
08048000-0804c000 r-xp 00000000 03:05 133433     /usr/local/java/bin/i386/native_threads/java
0804c000-0804d000 rw-p 00003000 03:05 133433     /usr/local/java/bin/i386/native_threads/java
40000000-40016000 r-xp 00000000 03:05 391685     /lib/ld-2.1.92.so
40016000-40017000 rw-p 00015000 03:05 391685     /lib/ld-2.1.92.so
40018000-40019000 r--p 00000000 03:05 310111     /usr/lib/locale/en_US/LC_IDENTIFICATION
40019000-4001a000 r--p 00000000 03:05 310112     /usr/lib/locale/en_US/LC_MEASUREMENT
4001a000-4001b000 r--p 00000000 03:05 310117     /usr/lib/locale/en_US/LC_TELEPHONE
4001b000-4001c000 r--p 00000000 03:05 310108     /usr/lib/locale/en_US/LC_ADDRESS
4001c000-4001d000 r--p 00000000 03:05 310114     /usr/lib/locale/en_US/LC_NAME
4001d000-4001e000 r--p 00000000 03:05 310116     /usr/lib/locale/en_US/LC_PAPER
4001e000-4001f000 r--p 00000000 03:05 48987      /usr/lib/locale/en_US/LC_MESSAGES/SYS_LC_MESSAGES
4001f000-40020000 r--p 00000000 03:05 310113     /usr/lib/locale/en_US/LC_MONETARY
40020000-4002e000 r-xp 00000000 03:05 391724     /lib/libpthread-0.9.so
4002e000-40036000 rw-p 0000d000 03:05 391724     /lib/libpthread-0.9.so
40036000-40040000 r-xp 00000000 03:05 410867     /usr/local/java/jre/lib/i386/native_threads/libhpi.so
40040000-40041000 rw-p 00009000 03:05 410867     /usr/local/java/jre/lib/i386/native_threads/libhpi.so
40041000-40311000 r-xp 00000000 03:05 410872     /usr/local/java/jre/lib/i386/client/libjvm.so
40311000-40329000 rw-p 002cf000 03:05 410872     /usr/local/java/jre/lib/i386/client/libjvm.so
40340000-40342000 r-xp 00000000 03:05 391696     /lib/libdl-2.1.92.so
40342000-40343000 rw-p 00001000 03:05 391696     /lib/libdl-2.1.92.so
40343000-4045e000 r-xp 00000000 03:05 391692     /lib/libc-2.1.92.so
4045e000-40464000 rw-p 0011a000 03:05 391692     /lib/libc-2.1.92.so
40468000-40469000 r-xp 00000000 03:05 391687     /lib/libBrokenLocale-2.1.92.so
40469000-4046a000 rw-p 00000000 03:05 391687     /lib/libBrokenLocale-2.1.92.so
4046a000-4047d000 r-xp 00000000 03:05 391701     /lib/libnsl-2.1.92.so
4047d000-4047f000 rw-p 00012000 03:05 391701     /lib/libnsl-2.1.92.so
40482000-404a1000 r-xp 00000000 03:05 391698     /lib/libm-2.1.92.so
404a1000-404a2000 rw-p 0001e000 03:05 391698     /lib/libm-2.1.92.so
404a2000-404b1000 r-xp 00000000 03:05 427186     /usr/local/java/jre/lib/i386/libverify.so
404b1000-404b3000 rw-p 0000e000 03:05 427186     /usr/local/java/jre/lib/i386/libverify.so
404b3000-404d3000 r-xp 00000000 03:05 427187     /usr/local/java/jre/lib/i386/libjava.so
404d3000-404d5000 rw-p 0001f000 03:05 427187     /usr/local/java/jre/lib/i386/libjava.so
404d6000-404e7000 r-xp 00000000 03:05 427188     /usr/local/java/jre/lib/i386/libzip.so
404e7000-404ea000 rw-p 00010000 03:05 427188     /usr/local/java/jre/lib/i386/libzip.so
404ea000-4121b000 r--s 00000000 03:05 427217     /usr/local/java/jre/lib/rt.jar
41248000-414ed000 r--s 00000000 03:05 427218     /usr/local/java/jre/lib/i18n.jar
414ed000-41503000 r--s 00000000 03:05 427205     /usr/local/java/jre/lib/sunrsasign.jar
435ab000-435ac000 r--p 00000000 03:05 310118     /usr/lib/locale/en_US/LC_TIME
435ac000-435ad000 r--p 00000000 03:05 310115     /usr/lib/locale/en_US/LC_NUMERIC
435ad000-435af000 r-xp 00000000 03:05 195950     /usr/lib/gconv/ISO8859-1.so
435af000-435b0000 rw-p 00001000 03:05 195950     /usr/lib/gconv/ISO8859-1.so
4960f000-4961b000 r--p 00000000 03:05 310110     /usr/lib/locale/en_US/LC_CTYPE
4961b000-49621000 r--p 00000000 03:05 310109     /usr/lib/locale/en_US/LC_COLLATE
49629000-49633000 r-xp 00000000 03:05 391715     /lib/libnss_files-2.1.92.so
49633000-49634000 rw-p 00009000 03:05 391715     /lib/libnss_files-2.1.92.so
49634000-49678000 r--s 00000000 03:05 214644     /usr/local/java/jre/lib/ext/vecmath.jar
49678000-4986f000 r--s 00000000 03:05 214645     /usr/local/java/jre/lib/ext/j3dcore.jar
4986f000-4988c000 r--s 00000000 03:05 214646     /usr/local/java/jre/lib/ext/j3daudio.jar
4988c000-4993d000 r--s 00000000 03:05 214647     /usr/local/java/jre/lib/ext/j3dutils.jar
499a9000-49c17000 r-xp 00000000 03:05 427195     /usr/local/java/jre/lib/i386/libawt.so
49c17000-49c27000 rw-p 0026d000 03:05 427195     /usr/local/java/jre/lib/i386/libawt.so
49c3c000-49c85000 r-xp 00000000 03:05 427194     /usr/local/java/jre/lib/i386/libmlib_image.so
49c85000-49c87000 rw-p 00048000 03:05 427194     /usr/local/java/jre/lib/i386/libmlib_image.so
49c87000-49c8e000 r-xp 00000000 03:05 326735     /usr/X11R6/lib/libXp.so.6.2
49c8e000-49c8f000 rw-p 00006000 03:05 326735     /usr/X11R6/lib/libXp.so.6.2
49c8f000-49cd7000 r-xp 00000000 03:05 326739     /usr/X11R6/lib/libXt.so.6.0
49cd7000-49cdb000 rw-p 00047000 03:05 326739     /usr/X11R6/lib/libXt.so.6.0
49cdc000-49ce4000 r-xp 00000000 03:05 326717     /usr/X11R6/lib/libSM.so.6.0
49ce4000-49ce5000 rw-p 00007000 03:05 326717     /usr/X11R6/lib/libSM.so.6.0
49ce5000-49cf9000 r-xp 00000000 03:05 326713     /usr/X11R6/lib/libICE.so.6.3
49cf9000-49cfa000 rw-p 00013000 03:05 326713     /usr/X11R6/lib/libICE.so.6.3
49cfc000-49d09000 r-xp 00000000 03:05 326727     /usr/X11R6/lib/libXext.so.6.4
49d09000-49d0a000 rw-p 0000c000 03:05 326727     /usr/X11R6/lib/libXext.so.6.4
49d0a000-49d0e000 r-xp 00000000 03:05 326741     /usr/X11R6/lib/libXtst.so.6.1
49d0e000-49d10000 rw-p 00003000 03:05 326741     /usr/X11R6/lib/libXtst.so.6.1
49d10000-49dd9000 r-xp 00000000 03:05 326719     /usr/X11R6/lib/libX11.so.6.1
49dd9000-49ddd000 rw-p 000c8000 03:05 326719     /usr/X11R6/lib/libX11.so.6.1
49dde000-49e5e000 r-xp 00000000 03:05 427196     /usr/local/java/jre/lib/i386/libfontmanager.so
49e5e000-49e7b000 rw-p 0007f000 03:05 427196     /usr/local/java/jre/lib/i386/libfontmanager.so
49f20000-49f32000 r-xp 00000000 03:05 427220     /usr/local/java/jre/lib/i386/libJ3D.so
49f32000-49f33000 rw-p 00011000 03:05 427220     /usr/local/java/jre/lib/i386/libJ3D.so
49f33000-4a0b3000 r-xp 00000000 03:05 33280      /usr/lib/libGL.so.1.2.030300
4a0b3000-4a0bb000 rw-p 0017f000 03:05 33280      /usr/lib/libGL.so.1.2.030300
4a178000-4a179000 r-xp 00000000 03:05 427201     /usr/local/java/jre/lib/i386/libjawt.so
4a179000-4a17a000 rw-p 00000000 03:05 427201     /usr/local/java/jre/lib/i386/libjawt.so
4a17a000-4a18e000 r-xp 00000000 03:05 326733     /usr/X11R6/lib/libXmu.so.6.1
4a18e000-4a190000 rw-p 00013000 03:05 326733     /usr/X11R6/lib/libXmu.so.6.1
4a190000-4a197000 r-xp 00000000 03:05 326731     /usr/X11R6/lib/libXi.so.6.0
4a197000-4a198000 rw-p 00006000 03:05 326731     /usr/X11R6/lib/libXi.so.6.0
4a198000-4a2bb000 r-xp 00000000 03:05 264090     /usr/local/Version5.4.6/UTU/classes/libutu.so
4a2bb000-4a2d8000 rw-p 00122000 03:05 264090     /usr/local/Version5.4.6/UTU/classes/libutu.so
4a2e0000-4a319000 r-xp 00000000 03:05 33238      /usr/lib/libstdc++-3-libc6.2-2-2.10.0.so
4a319000-4a320000 rw-p 00038000 03:05 33238      /usr/lib/libstdc++-3-libc6.2-2-2.10.0.so

Local Time = Fri Jun 14 15:43:55 2002
Elapsed Time = 66
#
# The exception above was detected in native code outside the VM
#
# Java VM: Java HotSpot(TM) Client VM (Blackdown-1.3.1_02a-FCS mixed mode)
#
